

> @onegenui/ui@0.1.0 build /Users/giulioleone/Sviluppo/genUi/json-render/packages/ui
> tsup

[34mCLI[39m Building entry: src/definitions.ts, src/index.ts
[34mCLI[39m Using tsconfig: tsconfig.json
[34mCLI[39m tsup v8.5.1
[34mCLI[39m Using tsup config: /Users/giulioleone/Sviluppo/genUi/json-render/packages/ui/tsup.config.ts
[34mCLI[39m Target: es2022
[34mCLI[39m Cleaning output folder
[34mCJS[39m Build start
[34mESM[39m Build start
[32mESM[39m [1mdist/chunk-HQWIM4RE.mjs     [22m[32m28.73 KB[39m
[32mESM[39m [1mdist/definitions.mjs        [22m[32m2.58 KB[39m
[32mESM[39m [1mdist/index.mjs              [22m[32m181.03 KB[39m
[32mESM[39m [1mdist/definitions.mjs.map    [22m[32m71.00 B[39m
[32mESM[39m [1mdist/chunk-HQWIM4RE.mjs.map [22m[32m59.72 KB[39m
[32mESM[39m [1mdist/index.mjs.map          [22m[32m287.54 KB[39m
[32mESM[39m ⚡️ Build success in 56ms
[32mCJS[39m [1mdist/definitions.js     [22m[32m36.10 KB[39m
[32mCJS[39m [1mdist/index.js           [22m[32m233.88 KB[39m
[32mCJS[39m [1mdist/definitions.js.map [22m[32m63.30 KB[39m
[32mCJS[39m [1mdist/index.js.map       [22m[32m345.75 KB[39m
[32mCJS[39m ⚡️ Build success in 56ms
DTS Build start
DTS ⚡️ Build success in 3219ms
DTS dist/index.d.ts        4.90 KB
DTS dist/definitions.d.ts  54.78 KB
DTS dist/index.d.mts       4.90 KB
DTS dist/definitions.d.mts 54.78 KB
